                _._                                                  
           _.-``__ ''-._                                             
      _.-``    `.  `_.  ''-._           Redis 3.2.10 (00000000/0) 64 bit
  .-`` .-```.  ```\/    _.,_ ''-._                                   
 (    '      ,       .-`  | `,    )     Running in standalone mode
 |`-._`-...-` __...-.``-._|'` _.-'|     Port: 6379
 |    `-._   `._    /     _.-'    |     PID: 9
  `-._    `-._  `-./  _.-'    _.-'                                   
 |`-._`-._    `-.__.-'    _.-'_.-'|                                  
 |    `-._`-._        _.-'_.-'    |           http://redis.io        
  `-._    `-._`-.__.-'_.-'    _.-'                                   
 |`-._`-._    `-.__.-'    _.-'_.-'|                                  
 |    `-._`-._        _.-'_.-'    |                                  
  `-._    `-._`-.__.-'_.-'    _.-'                                   
      `-._    `-.__.-'    _.-'                                       
          `-._        _.-'                                           
              `-.__.-'                                               

9:M 08 Mar 02:17:29.211 # WARNING: The TCP backlog setting of 511 cannot be enforced because /proc/sys/net/core/somaxconn is set to the lower value of 128.
9:M 08 Mar 02:17:29.213 # Server started, Redis version 3.2.10
9:M 08 Mar 02:17:29.215 # WARNING you have Transparent Huge Pages (THP) support enabled in your kernel. This will create latency and memory usage issues with Redis. To fix this issue run the command 'echo never > /sys/kernel/mm/transparent_hugepage/enabled' as root, and add it to your /etc/rc.local in order to retain the setting after a reboot. Redis must be restarted after THP is disabled.
9:M 08 Mar 02:17:29.220 * DB loaded from disk: 0.003 seconds
9:M 08 Mar 02:17:29.222 * The server is now ready to accept connections on port 6379
9:signal-handler (1520479407) Received SIGTERM scheduling shutdown...
9:M 08 Mar 03:23:27.131 # User requested shutdown...
9:M 08 Mar 03:23:27.134 * Saving the final RDB snapshot before exiting.
9:M 08 Mar 03:23:27.139 * DB saved on disk
9:M 08 Mar 03:23:27.141 * Removing the pid file.
9:M 08 Mar 03:23:27.143 # Redis is now ready to exit, bye bye...
                _._                                                  
           _.-``__ ''-._                                             
      _.-``    `.  `_.  ''-._           Redis 3.2.10 (00000000/0) 64 bit
  .-`` .-```.  ```\/    _.,_ ''-._                                   
 (    '      ,       .-`  | `,    )     Running in standalone mode
 |`-._`-...-` __...-.``-._|'` _.-'|     Port: 6379
 |    `-._   `._    /     _.-'    |     PID: 11
  `-._    `-._  `-./  _.-'    _.-'                                   
 |`-._`-._    `-.__.-'    _.-'_.-'|                                  
 |    `-._`-._        _.-'_.-'    |           http://redis.io        
  `-._    `-._`-.__.-'_.-'    _.-'                                   
 |`-._`-._    `-.__.-'    _.-'_.-'|                                  
 |    `-._`-._        _.-'_.-'    |                                  
  `-._    `-._`-.__.-'_.-'    _.-'                                   
      `-._    `-.__.-'    _.-'                                       
          `-._        _.-'                                           
              `-.__.-'                                               

11:M 08 Mar 03:25:31.080 # WARNING: The TCP backlog setting of 511 cannot be enforced because /proc/sys/net/core/somaxconn is set to the lower value of 128.
11:M 08 Mar 03:25:31.082 # Server started, Redis version 3.2.10
11:M 08 Mar 03:25:31.084 # WARNING you have Transparent Huge Pages (THP) support enabled in your kernel. This will create latency and memory usage issues with Redis. To fix this issue run the command 'echo never > /sys/kernel/mm/transparent_hugepage/enabled' as root, and add it to your /etc/rc.local in order to retain the setting after a reboot. Redis must be restarted after THP is disabled.
11:M 08 Mar 03:25:31.087 * DB loaded from disk: 0.002 seconds
11:M 08 Mar 03:25:31.089 * The server is now ready to accept connections on port 6379
11:signal-handler (1520491491) Received SIGTERM scheduling shutdown...
11:M 08 Mar 06:44:51.465 # User requested shutdown...
11:M 08 Mar 06:44:51.468 * Saving the final RDB snapshot before exiting.
11:M 08 Mar 06:44:51.473 * DB saved on disk
11:M 08 Mar 06:44:51.474 * Removing the pid file.
11:M 08 Mar 06:44:51.476 # Redis is now ready to exit, bye bye...
