[08-Mar-2018 10:25:21 Asia/Shanghai] PHP Fatal error:  Uncaught Error: Call to undefined function App\posix_getuid() in phar:///usr/bin/vhost/src/app/VHost.php:32
Stack trace:
#0 phar:///usr/bin/vhost/vendor/symfony/console/Command/Command.php(252): App\VHost->execute(Object(Symfony\Component\Console\Input\ArgvInput), Object(Symfony\Component\Console\Output\ConsoleOutput))
#1 phar:///usr/bin/vhost/vendor/symfony/console/Application.php(865): Symfony\Component\Console\Command\Command->run(Object(Symfony\Component\Console\Input\ArgvInput), Object(Symfony\Component\Console\Output\ConsoleOutput))
#2 phar:///usr/bin/vhost/vendor/symfony/console/Application.php(241): Symfony\Component\Console\Application->doRunCommand(Object(App\VHost), Object(Symfony\Component\Console\Input\ArgvInput), Object(Symfony\Component\Console\Output\ConsoleOutput))
#3 phar:///usr/bin/vhost/vendor/symfony/console/Application.php(143): Symfony\Component\Console\Application->doRun(Object(Symfony\Component\Console\Input\ArgvInput), Object(Symfony\Component\Console\Output\ConsoleOutput))
#4 phar:/ in phar:///usr/bin/vhost/src/app/VHost.php on line 32
[08-Mar-2018 10:31:32 Asia/Shanghai] PHP Fatal error:  Uncaught Error: Call to undefined function App\posix_getuid() in phar:///usr/bin/vhost/src/app/VHost.php:32
Stack trace:
#0 phar:///usr/bin/vhost/vendor/symfony/console/Command/Command.php(252): App\VHost->execute(Object(Symfony\Component\Console\Input\ArgvInput), Object(Symfony\Component\Console\Output\ConsoleOutput))
#1 phar:///usr/bin/vhost/vendor/symfony/console/Application.php(865): Symfony\Component\Console\Command\Command->run(Object(Symfony\Component\Console\Input\ArgvInput), Object(Symfony\Component\Console\Output\ConsoleOutput))
#2 phar:///usr/bin/vhost/vendor/symfony/console/Application.php(241): Symfony\Component\Console\Application->doRunCommand(Object(App\VHost), Object(Symfony\Component\Console\Input\ArgvInput), Object(Symfony\Component\Console\Output\ConsoleOutput))
#3 phar:///usr/bin/vhost/vendor/symfony/console/Application.php(143): Symfony\Component\Console\Application->doRun(Object(Symfony\Component\Console\Input\ArgvInput), Object(Symfony\Component\Console\Output\ConsoleOutput))
#4 phar:/ in phar:///usr/bin/vhost/src/app/VHost.php on line 32
[08-Mar-2018 10:31:44 Asia/Shanghai] PHP Fatal error:  Uncaught Error: Call to undefined function posix_getuid() in Command line code:1
Stack trace:
#0 {main}
  thrown in Command line code on line 1
[08-Mar-2018 10:57:36 Asia/Shanghai] PHP Fatal error:  Uncaught Error: Call to undefined function posix_getuid() in Command line code:1
Stack trace:
#0 {main}
  thrown in Command line code on line 1
